Model selected: rnn
cuda memory allocated: 5082112
epoch: 0
loss: 1.0162, acc: 0.5345
> val_acc: 0.7401, val_f1: 0.3360
>> saved: state_dict/rnn_train_val_acc0.7401
epoch: 1
loss: 0.7578, acc: 0.7220
> val_acc: 0.7401, val_f1: 0.3344
epoch: 2
loss: 0.7477, acc: 0.7200
> val_acc: 0.7401, val_f1: 0.3358
epoch: 3
loss: 0.7316, acc: 0.7246
> val_acc: 0.7401, val_f1: 0.3358
epoch: 4
loss: 0.7148, acc: 0.7257
> val_acc: 0.7471, val_f1: 0.3547
>> saved: state_dict/rnn_train_val_acc0.7471
epoch: 5
loss: 0.6842, acc: 0.7327
> val_acc: 0.7494, val_f1: 0.3562
>> saved: state_dict/rnn_train_val_acc0.7494
epoch: 6
loss: 0.6415, acc: 0.7488
> val_acc: 0.7726, val_f1: 0.4364
>> saved: state_dict/rnn_train_val_acc0.7726
epoch: 7
loss: 0.6148, acc: 0.7596
> val_acc: 0.7703, val_f1: 0.5153
epoch: 8
loss: 0.5707, acc: 0.7801
> val_acc: 0.7912, val_f1: 0.4816
>> saved: state_dict/rnn_train_val_acc0.7912
epoch: 9
loss: 0.5656, acc: 0.7769
> val_acc: 0.7842, val_f1: 0.5382
>> test_acc: 0.7912, test_f1: 0.4816
